building_id, mean_temp, std_temp, pct_above_18, pct_below_15
10000, 14.012338788112752, 6.367431059312565, 30.941014791508444, 55.542295034537624
building_id, mean_temp, std_temp, pct_above_18, pct_below_15
10000, 14.012338788112752, 6.367431059312565, 30.941014791508444, 55.542295034537624
10009, 11.000135812436369, 5.811144379826625, 16.6712734948236, 74.9723590310584
10014, 14.744169941950117, 7.037733284673849, 38.26367541377415, 52.80837116508215
10019, 14.735524480624484, 7.030325006703675, 38.14915412864569, 52.92926826787113
10029, 10.616037322820358, 6.317331938274926, 18.25563221896085, 74.51301795448481
building_id, mean_temp, std_temp, pct_above_18, pct_below_15
10000, 14.012338788112752, 6.367431059312565, 30.941014791508444, 55.542295034537624
10009, 11.000135812436369, 5.811144379826625, 16.6712734948236, 74.9723590310584
10014, 14.744169941950117, 7.037733284673849, 38.26367541377415, 52.80837116508215
10019, 14.735524480624484, 7.030325006703675, 38.14915412864569, 52.92926826787113
10029, 10.616037322820358, 6.317331938274926, 18.25563221896085, 74.51301795448481
10031, 12.507072852890545, 6.278432089100354, 24.044722033998173, 66.39513301711693
10051, 13.289039951277404, 5.999085063388632, 25.97693550756574, 62.859923608050536
10053, 11.366493551285707, 6.26121798185875, 19.9510754583921, 72.41052538787024
10056, 14.220114507861702, 6.179461157398302, 31.763454814173965, 57.06174975667784
10064, 12.716968937395848, 6.964227784263681, 28.79137124461432, 62.75688345539249
building_id, mean_temp, std_temp, pct_above_18, pct_below_15
10000, 14.012338788112752, 6.367431059312565, 30.941014791508444, 55.542295034537624
10009, 11.000135812436369, 5.811144379826625, 16.6712734948236, 74.9723590310584
10014, 14.744169941950117, 7.037733284673849, 38.26367541377415, 52.80837116508215
10019, 14.735524480624484, 7.030325006703675, 38.14915412864569, 52.92926826787113
10029, 10.616037322820358, 6.317331938274926, 18.25563221896085, 74.51301795448481
10031, 12.507072852890545, 6.278432089100354, 24.044722033998173, 66.39513301711693
10051, 13.289039951277404, 5.999085063388632, 25.97693550756574, 62.859923608050536
10053, 11.366493551285707, 6.26121798185875, 19.9510754583921, 72.41052538787024
10056, 14.220114507861702, 6.179461157398302, 31.763454814173965, 57.06174975667784
10064, 12.716968937395848, 6.964227784263681, 28.79137124461432, 62.75688345539249
10075, 15.156939199079357, 6.440520340370851, 39.12088154756647, 47.45605511880576
10079, 15.094353507626133, 7.313911268349322, 41.90001451870493, 49.44974108309539
10080, 15.777740694240357, 7.280585752157965, 46.365765006711015, 44.711034476002
10082, 16.465720758630678, 6.713345052234242, 48.64349722630506, 40.56137689061685
10083, 15.639247995421401, 7.120808056609733, 44.855518923515284, 45.886354482120744
building_id, mean_temp, std_temp, pct_above_18, pct_below_15
10000, 14.012338788112752, 6.367431059312565, 30.941014791508444, 55.542295034537624
10009, 11.000135812436369, 5.811144379826625, 16.6712734948236, 74.9723590310584
10014, 14.744169941950117, 7.037733284673849, 38.26367541377415, 52.80837116508215
10019, 14.735524480624484, 7.030325006703675, 38.14915412864569, 52.92926826787113
10029, 10.616037322820358, 6.317331938274926, 18.25563221896085, 74.51301795448481
10031, 12.507072852890545, 6.278432089100354, 24.044722033998173, 66.39513301711693
10051, 13.289039951277404, 5.999085063388632, 25.97693550756574, 62.859923608050536
10053, 11.366493551285707, 6.26121798185875, 19.9510754583921, 72.41052538787024
10056, 14.220114507861702, 6.179461157398302, 31.763454814173965, 57.06174975667784
10064, 12.716968937395848, 6.964227784263681, 28.79137124461432, 62.75688345539249
10075, 15.156939199079357, 6.440520340370851, 39.12088154756647, 47.45605511880576
10079, 15.094353507626133, 7.313911268349322, 41.90001451870493, 49.44974108309539
10080, 15.777740694240357, 7.280585752157965, 46.365765006711015, 44.711034476002
10082, 16.465720758630678, 6.713345052234242, 48.64349722630506, 40.56137689061685
10083, 15.639247995421401, 7.120808056609733, 44.855518923515284, 45.886354482120744
10084, 15.100584697661853, 7.150541807748643, 40.90648998644782, 50.266526125583496
10085, 15.868862158668058, 7.192791728448739, 46.18303917834116, 44.72566696293788
10086, 14.391525374209255, 7.2156160731937105, 37.25664572257129, 53.01884968583857
10087, 15.07320590503116, 7.275519953981683, 41.532405798190645, 49.89713190601896
10089, 13.989763514400204, 7.276278123379982, 35.45861191757374, 56.3640146392669

------------------------------------------------------------
Sender: LSF System <lsfadmin@hpc.dtu.dk>
Subject: Job 24822727: <task9_1> in cluster <dcc> Done

Job <task9_1> was submitted from host <n-62-30-2> by user <s201920> in cluster <dcc> at Mon Apr 28 14:41:56 2025
Job was executed on host(s) <4*n-62-12-22>, in queue <c02613>, as user <s201920> in cluster <dcc> at Mon Apr 28 14:41:57 2025
</zhome/69/b/153054> was used as the home directory.
</zhome/69/b/153054/Desktop/02613HPC/miniProject> was used as the working directory.
Started at Mon Apr 28 14:41:57 2025
Terminated at Mon Apr 28 14:44:25 2025
Results reported at Mon Apr 28 14:44:25 2025

Your job looked like:

------------------------------------------------------------
# LSBATCH: User input
#!/bin/bash
#BSUB -J task9_1
#BSUB -q c02613
#BSUB -gpu "num=1:mode=exclusive_process"
#BSUB -W 00:30
#BSUB -R "rusage[mem=512MB]"
#BSUB -o task9_%J.out
#BSUB -e task9_%J.err

#BSUB -n 4

#BSUB -R "span[hosts=1]"

#BSUB -R "select[model==XeonGold6226R]"

# Intialize python environment
source /dtu/projects/02613_2025/conda/conda_init.sh
conda activate 02613

time python simulate_cupy.py
time python simulate_cupy.py 5
time python simulate_cupy.py 10
time python simulate_cupy.py 15
time python simulate_cupy.py 20

------------------------------------------------------------

Successfully completed.

Resource usage summary:

    CPU time :                                   144.15 sec.
    Max Memory :                                 93 MB
    Average Memory :                             92.33 MB
    Total Requested Memory :                     2048.00 MB
    Delta Memory :                               1955.00 MB
    Max Swap :                                   -
    Max Processes :                              4
    Max Threads :                                7
    Run time :                                   148 sec.
    Turnaround time :                            149 sec.

The output (if any) is above this job summary.



PS:

Read file <task9_24822727.err> for stderr output of this job.

